{
  "stats": {
    "suites": 1,
    "tests": 1,
    "passes": 1,
    "pending": 0,
    "failures": 0,
    "start": "2024-04-02T05:43:22.824Z",
    "end": "2024-04-02T05:43:30.972Z",
    "duration": 8148,
    "testsRegistered": 1,
    "passPercent": 100,
    "pendingPercent": 0,
    "other": 0,
    "hasOther": false,
    "skipped": 0,
    "hasSkipped": false
  },
  "results": [
    {
      "uuid": "86bf3cf7-e5cc-4214-b033-a29657c2fe42",
      "title": "",
      "fullFile": "/home/hp/APR-1/polymer/main/index.js",
      "file": "/main/index.js",
      "beforeHooks": [],
      "afterHooks": [],
      "tests": [],
      "suites": [
        {
          "uuid": "9916efc2-b653-45ac-8568-a3b170c631ef",
          "title": "login page",
          "fullFile": "/home/hp/APR-1/polymer/main/index.js",
          "file": "/main/index.js",
          "beforeHooks": [],
          "afterHooks": [],
          "tests": [
            {
              "title": "login the page",
              "fullTitle": "login page login the page",
              "timedOut": false,
              "duration": 8144,
              "state": "passed",
              "speed": "slow",
              "pass": true,
              "fail": false,
              "pending": false,
              "context": null,
              "code": "log(':starting login the page')\nawait driver.manage().window().maximize();\nlog(':sstep 2')\nawait driver.get(baseUrl);\nlog(':step 3')\nlog(':step 3a')\nconst emailElementLocator = By.xpath(\"//input[@id='email']\");\n// maxRetries = 4\n// timeout = 30000ms\nawait actionWithRetry(driver, async function (element) {\n  await element.sendKeys(email);\n}, emailElementLocator, 4, 1000);\nconst passwordElementLocator = By.xpath(\"//input[@id='password']\");\nawait actionWithRetry(driver, async function (element) {\n  await element.sendKeys(pass);\n}, passwordElementLocator);\nconst loginButtonLocator = By.xpath(\"//button[@class='btn-md btn-black btn group/btn']\");\nawait actionWithRetry(driver, async function (element) {\n  await element.click();\n}, loginButtonLocator);\nawait driver.navigate().refresh();\nlog(':step 4')",
              "err": {},
              "uuid": "029706db-3495-4615-8337-94215a52e721",
              "parentUUID": "9916efc2-b653-45ac-8568-a3b170c631ef",
              "isHook": false,
              "skipped": false
            }
          ],
          "suites": [],
          "passes": [
            "029706db-3495-4615-8337-94215a52e721"
          ],
          "failures": [],
          "pending": [],
          "skipped": [],
          "duration": 8144,
          "root": false,
          "rootEmpty": false,
          "_timeout": 0
        }
      ],
      "passes": [],
      "failures": [],
      "pending": [],
      "skipped": [],
      "duration": 0,
      "root": true,
      "rootEmpty": true,
      "_timeout": 0
    }
  ],
  "meta": {
    "mocha": {
      "version": "10.2.0"
    },
    "mochawesome": {
      "options": {
        "quiet": false,
        "reportFilename": "mochawesome",
        "saveHtml": true,
        "saveJson": true,
        "consoleReporter": "spec",
        "useInlineDiffs": false,
        "code": true
      },
      "version": "7.1.3"
    },
    "marge": {
      "options": null,
      "version": "6.2.0"
    }
  }
}